<?xml version="1.0" encoding="UTF-8"?>
<!-- Generated by org.testng.reporters.JUnitReportReporter -->
<testsuite hostname="Javiers-MacBook-Pro.local" failures="0" tests="2" name="page.objects.Home" time="11.710" errors="0" timestamp="2023-09-05T14:09:55 CDT" skipped="0">
  <testcase classname="page.objects.Home" name="signIn" time="10.678"/>
  <testcase classname="page.objects.Home" name="login" time="1.032"/>
</testsuite> <!-- page.objects.Home -->
